<?xml version="1.0" encoding="UTF-8"?>
<coverage generated="1708985728039" clover="3.2.0">
  <project timestamp="1708985728039" name="All files">
    <metrics statements="15" coveredstatements="15" conditionals="5" coveredconditionals="3" methods="1" coveredmethods="1" elements="21" coveredelements="19" complexity="0" loc="15" ncloc="15" packages="1" files="1" classes="1"/>
    <file name="classNames.ts" path="/Users/sandibekibraimov/asd/proj/src/shared/lib/classNames/classNames.ts">
      <metrics statements="15" coveredstatements="15" conditionals="5" coveredconditionals="3" methods="1" coveredmethods="1"/>
      <line num="1" count="1" type="stmt"/>
      <line num="2" count="1" type="stmt"/>
      <line num="3" count="1" type="cond" truecount="1" falsecount="0"/>
      <line num="4" count="4" type="stmt"/>
      <line num="5" count="4" type="cond" truecount="0" falsecount="1"/>
      <line num="6" count="4" type="cond" truecount="0" falsecount="1"/>
      <line num="7" count="4" type="stmt"/>
      <line num="8" count="4" type="stmt"/>
      <line num="9" count="4" type="stmt"/>
      <line num="10" count="4" type="stmt"/>
      <line num="11" count="4" type="stmt"/>
      <line num="12" count="4" type="cond" truecount="1" falsecount="0"/>
      <line num="13" count="4" type="cond" truecount="1" falsecount="0"/>
      <line num="14" count="4" type="stmt"/>
      <line num="15" count="4" type="stmt"/>
    </file>
  </project>
</coverage>
